[15:23:32] [ServerMain/INFO]: Environment: authHost='https://authserver.mojang.com', accountsHost='https://api.mojang.com', sessionHost='https://sessionserver.mojang.com', servicesHost='https://api.minecraftservices.com', name='PROD'
[15:23:33] [ServerMain/WARN]: Ambiguity between arguments [teleport, location] and [teleport, destination] with inputs: [0.1 -0.5 .9, 0 0 0]
[15:23:33] [ServerMain/WARN]: Ambiguity between arguments [teleport, location] and [teleport, targets] with inputs: [0.1 -0.5 .9, 0 0 0]
[15:23:33] [ServerMain/WARN]: Ambiguity between arguments [teleport, destination] and [teleport, targets] with inputs: [Player, 0123, @e, dd12be42-52a9-4a91-a8a1-11c01849e498]
[15:23:33] [ServerMain/WARN]: Ambiguity between arguments [teleport, targets] and [teleport, destination] with inputs: [Player, 0123, dd12be42-52a9-4a91-a8a1-11c01849e498]
[15:23:33] [ServerMain/WARN]: Ambiguity between arguments [teleport, targets, location] and [teleport, targets, destination] with inputs: [0.1 -0.5 .9, 0 0 0]
[15:23:34] [Worker-Main-14/INFO]: Loaded 7 recipes
[15:23:34] [Worker-Main-14/WARN]: Found validation problem in {minecraft:entities/shulker}.pools[1].entries[0]: Unknown loot table called minecraft:entities/reference/mmh/shulker
[15:23:35] [Worker-Main-14/INFO]: Loaded 1149 advancements
[15:23:36] [Server thread/INFO]: Starting minecraft server version 1.18.2
[15:23:36] [Server thread/INFO]: Loading properties
[15:23:36] [Server thread/INFO]: Default game type: SURVIVAL
[15:23:36] [Server thread/INFO]: Generating keypair
[15:23:36] [Server thread/INFO]: Starting Minecraft server on *:25565
[15:23:36] [Server thread/INFO]: Using epoll channel type
[15:23:37] [Server thread/INFO]: Preparing level "world"
[15:23:37] [Server thread/INFO]: Preparing start region for dimension minecraft:overworld
[15:23:38] [Worker-Main-16/INFO]: Preparing spawn area: 0%
[15:23:38] [Worker-Main-18/INFO]: Preparing spawn area: 0%
[15:23:38] [Worker-Main-18/INFO]: Preparing spawn area: 0%
[15:23:38] [Worker-Main-18/INFO]: Preparing spawn area: 0%
[15:23:39] [Worker-Main-12/INFO]: Preparing spawn area: 0%
[15:23:39] [Worker-Main-19/INFO]: Preparing spawn area: 0%
[15:23:40] [Worker-Main-13/INFO]: Preparing spawn area: 0%
[15:23:40] [Worker-Main-19/INFO]: Preparing spawn area: 0%
[15:23:41] [Worker-Main-20/INFO]: Preparing spawn area: 4%
[15:23:41] [Worker-Main-21/INFO]: Preparing spawn area: 4%
[15:23:42] [Worker-Main-13/INFO]: Preparing spawn area: 18%
[15:23:42] [Worker-Main-20/INFO]: Preparing spawn area: 22%
[15:23:43] [Worker-Main-20/INFO]: Preparing spawn area: 41%
[15:23:43] [Worker-Main-14/INFO]: Preparing spawn area: 63%
[15:23:44] [Worker-Main-20/INFO]: Preparing spawn area: 87%
[15:23:44] [Server thread/INFO]: Time elapsed: 7497 ms
[15:23:44] [Server thread/INFO]: Done (7.675s)! For help, type "help"
[15:23:46] [Server thread/WARN]: UUID of added entity already exists: bkz['Armor Stand'/33, l='ServerLevel[world]', x=22068880.50, y=1000.00, z=-4185487.50]
[15:51:26] [Server thread/INFO]: Stopping the server
[15:51:26] [Server thread/INFO]: Stopping server
[15:51:26] [Server thread/INFO]: Saving players
[15:51:26] [Server thread/INFO]: Saving worlds
[15:51:26] [Server thread/INFO]: Saving chunks for level 'ServerLevel[world]'/minecraft:overworld
[15:51:26] [Server thread/INFO]: Saving chunks for level 'ServerLevel[world]'/minecraft:the_nether
[15:51:26] [Server thread/INFO]: Saving chunks for level 'ServerLevel[world]'/minecraft:the_end
[15:51:26] [Server thread/INFO]: ThreadedAnvilChunkStorage (world): All chunks are saved
[15:51:26] [Server thread/INFO]: ThreadedAnvilChunkStorage (DIM-1): All chunks are saved
[15:51:26] [Server thread/INFO]: ThreadedAnvilChunkStorage (DIM1): All chunks are saved
[15:51:26] [Server thread/INFO]: ThreadedAnvilChunkStorage: All dimensions are saved
